The system is: Darwin - 9.8.0 - powerpc
Compiling the C compiler identification source file "CMakeCCompilerId.c" succeeded.
Compiler: /usr/bin/cc 
Build flags: 
Id flags: 

The output was:
0


Compilation of the C compiler identification source "CMakeCCompilerId.c" produced "a.out"

The C compiler identification is GNU, found in "/Volumes/server/scripts/MDEditor/macbuild/CMakeFiles/3.6.3/CompilerIdC/a.out"

Compiling the CXX compiler identification source file "CMakeCXXCompilerId.cpp" succeeded.
Compiler: /usr/bin/c++ 
Build flags: 
Id flags: 

The output was:
0


Compilation of the CXX compiler identification source "CMakeCXXCompilerId.cpp" produced "a.out"

The CXX compiler identification is GNU, found in "/Volumes/server/scripts/MDEditor/macbuild/CMakeFiles/3.6.3/CompilerIdCXX/a.out"

Determining if the C compiler works passed with the following output:
Change Dir: /Volumes/server/scripts/MDEditor/macbuild/CMakeFiles/CMakeTmp

Run Build Command:"/usr/bin/make" "cmTC_8ac46/fast"
/usr/bin/make -f CMakeFiles/cmTC_8ac46.dir/build.make CMakeFiles/cmTC_8ac46.dir/build
Building C object CMakeFiles/cmTC_8ac46.dir/testCCompiler.c.o
/usr/bin/cc     -o CMakeFiles/cmTC_8ac46.dir/testCCompiler.c.o   -c /Volumes/server/scripts/MDEditor/macbuild/CMakeFiles/CMakeTmp/testCCompiler.c
Linking C executable cmTC_8ac46
/usr/local/Cellar/cmake/3.6.3/bin/cmake -E cmake_link_script CMakeFiles/cmTC_8ac46.dir/link.txt --verbose=1
/usr/bin/cc    -Wl,-search_paths_first -Wl,-headerpad_max_install_names   CMakeFiles/cmTC_8ac46.dir/testCCompiler.c.o  -o cmTC_8ac46  


Detecting C compiler ABI info compiled with the following output:
Change Dir: /Volumes/server/scripts/MDEditor/macbuild/CMakeFiles/CMakeTmp

Run Build Command:"/usr/bin/make" "cmTC_3d59d/fast"
/usr/bin/make -f CMakeFiles/cmTC_3d59d.dir/build.make CMakeFiles/cmTC_3d59d.dir/build
Building C object CMakeFiles/cmTC_3d59d.dir/CMakeCCompilerABI.c.o
/usr/bin/cc     -o CMakeFiles/cmTC_3d59d.dir/CMakeCCompilerABI.c.o   -c /usr/local/Cellar/cmake/3.6.3/share/cmake/Modules/CMakeCCompilerABI.c
Linking C executable cmTC_3d59d
/usr/local/Cellar/cmake/3.6.3/bin/cmake -E cmake_link_script CMakeFiles/cmTC_3d59d.dir/link.txt --verbose=1
/usr/bin/cc    -Wl,-search_paths_first -Wl,-headerpad_max_install_names  -v -Wl,-v CMakeFiles/cmTC_3d59d.dir/CMakeCCompilerABI.c.o  -o cmTC_3d59d   
Using built-in specs.
Target: powerpc-apple-darwin9
Configured with: /var/tmp/gcc/gcc-5488~2/src/configure --disable-checking -enable-werror --prefix=/usr --mandir=/share/man --enable-languages=c,objc,c++,obj-c++ --program-transform-name=/^[cg][^.-]*$/s/$/-4.0/ --with-gxx-include-dir=/include/c++/4.0.0 --with-slibdir=/usr/lib --build=i686-apple-darwin9 --program-prefix= --host=powerpc-apple-darwin9 --target=powerpc-apple-darwin9
Thread model: posix
gcc version 4.0.1 (Apple Inc. build 5488)
 /usr/libexec/gcc/powerpc-apple-darwin9/4.0.1/collect2 -dynamic -arch ppc -macosx_version_min 10.5.8 -weak_reference_mismatches non-weak -o cmTC_3d59d -lcrt1.10.5.o -L/usr/lib/powerpc-apple-darwin9/4.0.1 -L/usr/lib/gcc/powerpc-apple-darwin9/4.0.1 -L/usr/lib/gcc/powerpc-apple-darwin9/4.0.1 -L/usr/lib/gcc/powerpc-apple-darwin9/4.0.1/../../../powerpc-apple-darwin9/4.0.1 -L/usr/lib/gcc/powerpc-apple-darwin9/4.0.1/../../.. -search_paths_first -headerpad_max_install_names -v CMakeFiles/cmTC_3d59d.dir/CMakeCCompilerABI.c.o -lgcc_s.10.5 -lgcc -lSystemStubs -lSystem
collect2 version 4.0.1 (Apple Inc. build 5488) (Darwin/PowerPC)
/usr/libexec/gcc/powerpc-apple-darwin9/4.0.1/ld -dynamic -arch ppc -macosx_version_min 10.5.8 -weak_reference_mismatches non-weak -o cmTC_3d59d -lcrt1.10.5.o -L/usr/lib/powerpc-apple-darwin9/4.0.1 -L/usr/lib/gcc/powerpc-apple-darwin9/4.0.1 -L/usr/lib/gcc/powerpc-apple-darwin9/4.0.1 -L/usr/lib/gcc/powerpc-apple-darwin9/4.0.1/../../../powerpc-apple-darwin9/4.0.1 -L/usr/lib/gcc/powerpc-apple-darwin9/4.0.1/../../.. -search_paths_first -headerpad_max_install_names -v CMakeFiles/cmTC_3d59d.dir/CMakeCCompilerABI.c.o -lgcc_s.10.5 -lgcc -lSystemStubs -lSystem
@(#)PROGRAM:ld  PROJECT:ld64-85.2.1
Library search paths:
	/usr/lib/powerpc-apple-darwin9/4.0.1
	/usr/lib/gcc/powerpc-apple-darwin9/4.0.1
	/usr/lib/gcc/powerpc-apple-darwin9/4.0.1
	/usr/lib/powerpc-apple-darwin9/4.0.1
	/usr/lib
	/usr/lib
	/usr/local/lib
Framework search paths:
	/Library/Frameworks/
	/System/Library/Frameworks/


Parsed C implicit link information from above output:
  link line regex: [^( *|.*[/\])(ld|([^/\]+-)?ld|collect2)[^/\]*( |$)]
  ignore line: [Change Dir: /Volumes/server/scripts/MDEditor/macbuild/CMakeFiles/CMakeTmp]
  ignore line: []
  ignore line: [Run Build Command:"/usr/bin/make" "cmTC_3d59d/fast"]
  ignore line: [/usr/bin/make -f CMakeFiles/cmTC_3d59d.dir/build.make CMakeFiles/cmTC_3d59d.dir/build]
  ignore line: [Building C object CMakeFiles/cmTC_3d59d.dir/CMakeCCompilerABI.c.o]
  ignore line: [/usr/bin/cc     -o CMakeFiles/cmTC_3d59d.dir/CMakeCCompilerABI.c.o   -c /usr/local/Cellar/cmake/3.6.3/share/cmake/Modules/CMakeCCompilerABI.c]
  ignore line: [Linking C executable cmTC_3d59d]
  ignore line: [/usr/local/Cellar/cmake/3.6.3/bin/cmake -E cmake_link_script CMakeFiles/cmTC_3d59d.dir/link.txt --verbose=1]
  ignore line: [/usr/bin/cc    -Wl,-search_paths_first -Wl,-headerpad_max_install_names  -v -Wl,-v CMakeFiles/cmTC_3d59d.dir/CMakeCCompilerABI.c.o  -o cmTC_3d59d   ]
  ignore line: [Using built-in specs.]
  ignore line: [Target: powerpc-apple-darwin9]
  ignore line: [Configured with: /var/tmp/gcc/gcc-5488~2/src/configure --disable-checking -enable-werror --prefix=/usr --mandir=/share/man --enable-languages=c,objc,c++,obj-c++ --program-transform-name=/^[cg][^.-]*$/s/$/-4.0/ --with-gxx-include-dir=/include/c++/4.0.0 --with-slibdir=/usr/lib --build=i686-apple-darwin9 --program-prefix= --host=powerpc-apple-darwin9 --target=powerpc-apple-darwin9]
  ignore line: [Thread model: posix]
  ignore line: [gcc version 4.0.1 (Apple Inc. build 5488)]
  link line: [ /usr/libexec/gcc/powerpc-apple-darwin9/4.0.1/collect2 -dynamic -arch ppc -macosx_version_min 10.5.8 -weak_reference_mismatches non-weak -o cmTC_3d59d -lcrt1.10.5.o -L/usr/lib/powerpc-apple-darwin9/4.0.1 -L/usr/lib/gcc/powerpc-apple-darwin9/4.0.1 -L/usr/lib/gcc/powerpc-apple-darwin9/4.0.1 -L/usr/lib/gcc/powerpc-apple-darwin9/4.0.1/../../../powerpc-apple-darwin9/4.0.1 -L/usr/lib/gcc/powerpc-apple-darwin9/4.0.1/../../.. -search_paths_first -headerpad_max_install_names -v CMakeFiles/cmTC_3d59d.dir/CMakeCCompilerABI.c.o -lgcc_s.10.5 -lgcc -lSystemStubs -lSystem]
    arg [/usr/libexec/gcc/powerpc-apple-darwin9/4.0.1/collect2] ==> ignore
    arg [-dynamic] ==> ignore
    arg [-arch] ==> ignore
    arg [ppc] ==> ignore
    arg [-macosx_version_min] ==> ignore
    arg [10.5.8] ==> ignore
    arg [-weak_reference_mismatches] ==> ignore
    arg [non-weak] ==> ignore
    arg [-o] ==> ignore
    arg [cmTC_3d59d] ==> ignore
    arg [-lcrt1.10.5.o] ==> lib [crt1.10.5.o]
    arg [-L/usr/lib/powerpc-apple-darwin9/4.0.1] ==> dir [/usr/lib/powerpc-apple-darwin9/4.0.1]
    arg [-L/usr/lib/gcc/powerpc-apple-darwin9/4.0.1] ==> dir [/usr/lib/gcc/powerpc-apple-darwin9/4.0.1]
    arg [-L/usr/lib/gcc/powerpc-apple-darwin9/4.0.1] ==> dir [/usr/lib/gcc/powerpc-apple-darwin9/4.0.1]
    arg [-L/usr/lib/gcc/powerpc-apple-darwin9/4.0.1/../../../powerpc-apple-darwin9/4.0.1] ==> dir [/usr/lib/gcc/powerpc-apple-darwin9/4.0.1/../../../powerpc-apple-darwin9/4.0.1]
    arg [-L/usr/lib/gcc/powerpc-apple-darwin9/4.0.1/../../..] ==> dir [/usr/lib/gcc/powerpc-apple-darwin9/4.0.1/../../..]
    arg [-search_paths_first] ==> ignore
    arg [-headerpad_max_install_names] ==> ignore
    arg [-v] ==> ignore
    arg [CMakeFiles/cmTC_3d59d.dir/CMakeCCompilerABI.c.o] ==> ignore
    arg [-lgcc_s.10.5] ==> lib [gcc_s.10.5]
    arg [-lgcc] ==> lib [gcc]
    arg [-lSystemStubs] ==> lib [SystemStubs]
    arg [-lSystem] ==> lib [System]
  Library search paths: [;/usr/lib/powerpc-apple-darwin9/4.0.1;/usr/lib/gcc/powerpc-apple-darwin9/4.0.1;/usr/lib/gcc/powerpc-apple-darwin9/4.0.1;/usr/lib/powerpc-apple-darwin9/4.0.1;/usr/lib;/usr/lib;/usr/local/lib]
  Framework search paths: [;/Library/Frameworks/;/System/Library/Frameworks/]
  remove lib [crt1.10.5.o]
  remove lib [gcc_s.10.5]
  remove lib [gcc]
  remove lib [SystemStubs]
  remove lib [System]
  collapse library dir [/usr/lib/powerpc-apple-darwin9/4.0.1] ==> [/usr/lib/powerpc-apple-darwin9/4.0.1]
  collapse library dir [/usr/lib/gcc/powerpc-apple-darwin9/4.0.1] ==> [/usr/lib/gcc/powerpc-apple-darwin9/4.0.1]
  collapse library dir [/usr/lib/gcc/powerpc-apple-darwin9/4.0.1] ==> [/usr/lib/gcc/powerpc-apple-darwin9/4.0.1]
  collapse library dir [/usr/lib/gcc/powerpc-apple-darwin9/4.0.1/../../../powerpc-apple-darwin9/4.0.1] ==> [/usr/lib/powerpc-apple-darwin9/4.0.1]
  collapse library dir [/usr/lib/gcc/powerpc-apple-darwin9/4.0.1/../../..] ==> [/usr/lib]
  collapse library dir [/usr/lib/powerpc-apple-darwin9/4.0.1] ==> [/usr/lib/powerpc-apple-darwin9/4.0.1]
  collapse library dir [/usr/lib/gcc/powerpc-apple-darwin9/4.0.1] ==> [/usr/lib/gcc/powerpc-apple-darwin9/4.0.1]
  collapse library dir [/usr/lib/gcc/powerpc-apple-darwin9/4.0.1] ==> [/usr/lib/gcc/powerpc-apple-darwin9/4.0.1]
  collapse library dir [/usr/lib/powerpc-apple-darwin9/4.0.1] ==> [/usr/lib/powerpc-apple-darwin9/4.0.1]
  collapse library dir [/usr/lib] ==> [/usr/lib]
  collapse library dir [/usr/lib] ==> [/usr/lib]
  collapse library dir [/usr/local/lib] ==> [/usr/local/lib]
  collapse framework dir [/Library/Frameworks/] ==> [/Library/Frameworks]
  collapse framework dir [/System/Library/Frameworks/] ==> [/System/Library/Frameworks]
  implicit libs: []
  implicit dirs: [/usr/lib/powerpc-apple-darwin9/4.0.1;/usr/lib/gcc/powerpc-apple-darwin9/4.0.1;/usr/lib;/usr/local/lib]
  implicit fwks: [/Library/Frameworks;/System/Library/Frameworks]


Determining if the CXX compiler works passed with the following output:
Change Dir: /Volumes/server/scripts/MDEditor/macbuild/CMakeFiles/CMakeTmp

Run Build Command:"/usr/bin/make" "cmTC_a1789/fast"
/usr/bin/make -f CMakeFiles/cmTC_a1789.dir/build.make CMakeFiles/cmTC_a1789.dir/build
Building CXX object CMakeFiles/cmTC_a1789.dir/testCXXCompiler.cxx.o
/usr/bin/c++      -o CMakeFiles/cmTC_a1789.dir/testCXXCompiler.cxx.o -c /Volumes/server/scripts/MDEditor/macbuild/CMakeFiles/CMakeTmp/testCXXCompiler.cxx
Linking CXX executable cmTC_a1789
/usr/local/Cellar/cmake/3.6.3/bin/cmake -E cmake_link_script CMakeFiles/cmTC_a1789.dir/link.txt --verbose=1
/usr/bin/c++     -Wl,-search_paths_first -Wl,-headerpad_max_install_names   CMakeFiles/cmTC_a1789.dir/testCXXCompiler.cxx.o  -o cmTC_a1789  


Detecting CXX compiler ABI info compiled with the following output:
Change Dir: /Volumes/server/scripts/MDEditor/macbuild/CMakeFiles/CMakeTmp

Run Build Command:"/usr/bin/make" "cmTC_fe772/fast"
/usr/bin/make -f CMakeFiles/cmTC_fe772.dir/build.make CMakeFiles/cmTC_fe772.dir/build
Building CXX object CMakeFiles/cmTC_fe772.dir/CMakeCXXCompilerABI.cpp.o
/usr/bin/c++      -o CMakeFiles/cmTC_fe772.dir/CMakeCXXCompilerABI.cpp.o -c /usr/local/Cellar/cmake/3.6.3/share/cmake/Modules/CMakeCXXCompilerABI.cpp
Linking CXX executable cmTC_fe772
/usr/local/Cellar/cmake/3.6.3/bin/cmake -E cmake_link_script CMakeFiles/cmTC_fe772.dir/link.txt --verbose=1
/usr/bin/c++     -Wl,-search_paths_first -Wl,-headerpad_max_install_names  -v -Wl,-v CMakeFiles/cmTC_fe772.dir/CMakeCXXCompilerABI.cpp.o  -o cmTC_fe772   
Using built-in specs.
Target: powerpc-apple-darwin9
Configured with: /var/tmp/gcc/gcc-5488~2/src/configure --disable-checking -enable-werror --prefix=/usr --mandir=/share/man --enable-languages=c,objc,c++,obj-c++ --program-transform-name=/^[cg][^.-]*$/s/$/-4.0/ --with-gxx-include-dir=/include/c++/4.0.0 --with-slibdir=/usr/lib --build=i686-apple-darwin9 --program-prefix= --host=powerpc-apple-darwin9 --target=powerpc-apple-darwin9
Thread model: posix
gcc version 4.0.1 (Apple Inc. build 5488)
 /usr/libexec/gcc/powerpc-apple-darwin9/4.0.1/collect2 -dynamic -arch ppc -macosx_version_min 10.5.8 -weak_reference_mismatches non-weak -o cmTC_fe772 -lcrt1.10.5.o -L/usr/lib/powerpc-apple-darwin9/4.0.1 -L/usr/lib/gcc/powerpc-apple-darwin9/4.0.1 -L/usr/lib/gcc/powerpc-apple-darwin9/4.0.1 -L/usr/lib/gcc/powerpc-apple-darwin9/4.0.1/../../../powerpc-apple-darwin9/4.0.1 -L/usr/lib/gcc/powerpc-apple-darwin9/4.0.1/../../.. -search_paths_first -headerpad_max_install_names -v CMakeFiles/cmTC_fe772.dir/CMakeCXXCompilerABI.cpp.o -lstdc++ -lgcc_s.10.5 -lgcc -lSystemStubs -lSystem
collect2 version 4.0.1 (Apple Inc. build 5488) (Darwin/PowerPC)
/usr/libexec/gcc/powerpc-apple-darwin9/4.0.1/ld -dynamic -arch ppc -macosx_version_min 10.5.8 -weak_reference_mismatches non-weak -o cmTC_fe772 -lcrt1.10.5.o -L/usr/lib/powerpc-apple-darwin9/4.0.1 -L/usr/lib/gcc/powerpc-apple-darwin9/4.0.1 -L/usr/lib/gcc/powerpc-apple-darwin9/4.0.1 -L/usr/lib/gcc/powerpc-apple-darwin9/4.0.1/../../../powerpc-apple-darwin9/4.0.1 -L/usr/lib/gcc/powerpc-apple-darwin9/4.0.1/../../.. -search_paths_first -headerpad_max_install_names -v CMakeFiles/cmTC_fe772.dir/CMakeCXXCompilerABI.cpp.o -lstdc++ -lgcc_s.10.5 -lgcc -lSystemStubs -lSystem
@(#)PROGRAM:ld  PROJECT:ld64-85.2.1
Library search paths:
	/usr/lib/powerpc-apple-darwin9/4.0.1
	/usr/lib/gcc/powerpc-apple-darwin9/4.0.1
	/usr/lib/gcc/powerpc-apple-darwin9/4.0.1
	/usr/lib/powerpc-apple-darwin9/4.0.1
	/usr/lib
	/usr/lib
	/usr/local/lib
Framework search paths:
	/Library/Frameworks/
	/System/Library/Frameworks/


Parsed CXX implicit link information from above output:
  link line regex: [^( *|.*[/\])(ld|([^/\]+-)?ld|collect2)[^/\]*( |$)]
  ignore line: [Change Dir: /Volumes/server/scripts/MDEditor/macbuild/CMakeFiles/CMakeTmp]
  ignore line: []
  ignore line: [Run Build Command:"/usr/bin/make" "cmTC_fe772/fast"]
  ignore line: [/usr/bin/make -f CMakeFiles/cmTC_fe772.dir/build.make CMakeFiles/cmTC_fe772.dir/build]
  ignore line: [Building CXX object CMakeFiles/cmTC_fe772.dir/CMakeCXXCompilerABI.cpp.o]
  ignore line: [/usr/bin/c++      -o CMakeFiles/cmTC_fe772.dir/CMakeCXXCompilerABI.cpp.o -c /usr/local/Cellar/cmake/3.6.3/share/cmake/Modules/CMakeCXXCompilerABI.cpp]
  ignore line: [Linking CXX executable cmTC_fe772]
  ignore line: [/usr/local/Cellar/cmake/3.6.3/bin/cmake -E cmake_link_script CMakeFiles/cmTC_fe772.dir/link.txt --verbose=1]
  ignore line: [/usr/bin/c++     -Wl,-search_paths_first -Wl,-headerpad_max_install_names  -v -Wl,-v CMakeFiles/cmTC_fe772.dir/CMakeCXXCompilerABI.cpp.o  -o cmTC_fe772   ]
  ignore line: [Using built-in specs.]
  ignore line: [Target: powerpc-apple-darwin9]
  ignore line: [Configured with: /var/tmp/gcc/gcc-5488~2/src/configure --disable-checking -enable-werror --prefix=/usr --mandir=/share/man --enable-languages=c,objc,c++,obj-c++ --program-transform-name=/^[cg][^.-]*$/s/$/-4.0/ --with-gxx-include-dir=/include/c++/4.0.0 --with-slibdir=/usr/lib --build=i686-apple-darwin9 --program-prefix= --host=powerpc-apple-darwin9 --target=powerpc-apple-darwin9]
  ignore line: [Thread model: posix]
  ignore line: [gcc version 4.0.1 (Apple Inc. build 5488)]
  link line: [ /usr/libexec/gcc/powerpc-apple-darwin9/4.0.1/collect2 -dynamic -arch ppc -macosx_version_min 10.5.8 -weak_reference_mismatches non-weak -o cmTC_fe772 -lcrt1.10.5.o -L/usr/lib/powerpc-apple-darwin9/4.0.1 -L/usr/lib/gcc/powerpc-apple-darwin9/4.0.1 -L/usr/lib/gcc/powerpc-apple-darwin9/4.0.1 -L/usr/lib/gcc/powerpc-apple-darwin9/4.0.1/../../../powerpc-apple-darwin9/4.0.1 -L/usr/lib/gcc/powerpc-apple-darwin9/4.0.1/../../.. -search_paths_first -headerpad_max_install_names -v CMakeFiles/cmTC_fe772.dir/CMakeCXXCompilerABI.cpp.o -lstdc++ -lgcc_s.10.5 -lgcc -lSystemStubs -lSystem]
    arg [/usr/libexec/gcc/powerpc-apple-darwin9/4.0.1/collect2] ==> ignore
    arg [-dynamic] ==> ignore
    arg [-arch] ==> ignore
    arg [ppc] ==> ignore
    arg [-macosx_version_min] ==> ignore
    arg [10.5.8] ==> ignore
    arg [-weak_reference_mismatches] ==> ignore
    arg [non-weak] ==> ignore
    arg [-o] ==> ignore
    arg [cmTC_fe772] ==> ignore
    arg [-lcrt1.10.5.o] ==> lib [crt1.10.5.o]
    arg [-L/usr/lib/powerpc-apple-darwin9/4.0.1] ==> dir [/usr/lib/powerpc-apple-darwin9/4.0.1]
    arg [-L/usr/lib/gcc/powerpc-apple-darwin9/4.0.1] ==> dir [/usr/lib/gcc/powerpc-apple-darwin9/4.0.1]
    arg [-L/usr/lib/gcc/powerpc-apple-darwin9/4.0.1] ==> dir [/usr/lib/gcc/powerpc-apple-darwin9/4.0.1]
    arg [-L/usr/lib/gcc/powerpc-apple-darwin9/4.0.1/../../../powerpc-apple-darwin9/4.0.1] ==> dir [/usr/lib/gcc/powerpc-apple-darwin9/4.0.1/../../../powerpc-apple-darwin9/4.0.1]
    arg [-L/usr/lib/gcc/powerpc-apple-darwin9/4.0.1/../../..] ==> dir [/usr/lib/gcc/powerpc-apple-darwin9/4.0.1/../../..]
    arg [-search_paths_first] ==> ignore
    arg [-headerpad_max_install_names] ==> ignore
    arg [-v] ==> ignore
    arg [CMakeFiles/cmTC_fe772.dir/CMakeCXXCompilerABI.cpp.o] ==> ignore
    arg [-lstdc++] ==> lib [stdc++]
    arg [-lgcc_s.10.5] ==> lib [gcc_s.10.5]
    arg [-lgcc] ==> lib [gcc]
    arg [-lSystemStubs] ==> lib [SystemStubs]
    arg [-lSystem] ==> lib [System]
  Library search paths: [;/usr/lib/powerpc-apple-darwin9/4.0.1;/usr/lib/gcc/powerpc-apple-darwin9/4.0.1;/usr/lib/gcc/powerpc-apple-darwin9/4.0.1;/usr/lib/powerpc-apple-darwin9/4.0.1;/usr/lib;/usr/lib;/usr/local/lib]
  Framework search paths: [;/Library/Frameworks/;/System/Library/Frameworks/]
  remove lib [crt1.10.5.o]
  remove lib [gcc_s.10.5]
  remove lib [gcc]
  remove lib [SystemStubs]
  remove lib [System]
  collapse library dir [/usr/lib/powerpc-apple-darwin9/4.0.1] ==> [/usr/lib/powerpc-apple-darwin9/4.0.1]
  collapse library dir [/usr/lib/gcc/powerpc-apple-darwin9/4.0.1] ==> [/usr/lib/gcc/powerpc-apple-darwin9/4.0.1]
  collapse library dir [/usr/lib/gcc/powerpc-apple-darwin9/4.0.1] ==> [/usr/lib/gcc/powerpc-apple-darwin9/4.0.1]
  collapse library dir [/usr/lib/gcc/powerpc-apple-darwin9/4.0.1/../../../powerpc-apple-darwin9/4.0.1] ==> [/usr/lib/powerpc-apple-darwin9/4.0.1]
  collapse library dir [/usr/lib/gcc/powerpc-apple-darwin9/4.0.1/../../..] ==> [/usr/lib]
  collapse library dir [/usr/lib/powerpc-apple-darwin9/4.0.1] ==> [/usr/lib/powerpc-apple-darwin9/4.0.1]
  collapse library dir [/usr/lib/gcc/powerpc-apple-darwin9/4.0.1] ==> [/usr/lib/gcc/powerpc-apple-darwin9/4.0.1]
  collapse library dir [/usr/lib/gcc/powerpc-apple-darwin9/4.0.1] ==> [/usr/lib/gcc/powerpc-apple-darwin9/4.0.1]
  collapse library dir [/usr/lib/powerpc-apple-darwin9/4.0.1] ==> [/usr/lib/powerpc-apple-darwin9/4.0.1]
  collapse library dir [/usr/lib] ==> [/usr/lib]
  collapse library dir [/usr/lib] ==> [/usr/lib]
  collapse library dir [/usr/local/lib] ==> [/usr/local/lib]
  collapse framework dir [/Library/Frameworks/] ==> [/Library/Frameworks]
  collapse framework dir [/System/Library/Frameworks/] ==> [/System/Library/Frameworks]
  implicit libs: [stdc++]
  implicit dirs: [/usr/lib/powerpc-apple-darwin9/4.0.1;/usr/lib/gcc/powerpc-apple-darwin9/4.0.1;/usr/lib;/usr/local/lib]
  implicit fwks: [/Library/Frameworks;/System/Library/Frameworks]


